<?xml version="1.0" encoding="UTF-8"?>
<testng-results skipped="0" failed="1" ignored="0" total="1" passed="0">
  <reporter-output>
  </reporter-output>
  <suite name="Default suite" duration-ms="2621" started-at="2020-10-21T21:52:35 PDT" finished-at="2020-10-21T21:52:38 PDT">
    <groups>
    </groups>
    <test name="Default test" duration-ms="2621" started-at="2020-10-21T21:52:35 PDT" finished-at="2020-10-21T21:52:38 PDT">
      <class name="MongoDBtest.MongoDbtest_02">
        <test-method status="PASS" signature="setdbconnection()[pri:0, instance:MongoDBtest.MongoDbtest_02@79be0360]" name="setdbconnection" is-config="true" duration-ms="2438" started-at="2020-10-21T21:52:35 PDT" finished-at="2020-10-21T21:52:38 PDT">
          <reporter-output>
          </reporter-output>
        </test-method> <!-- setdbconnection -->
        <test-method status="FAIL" signature="test_02()[pri:0, instance:MongoDBtest.MongoDbtest_02@79be0360]" name="test_02" duration-ms="108" started-at="2020-10-21T21:52:38 PDT" finished-at="2020-10-21T21:52:38 PDT">
          <exception class="java.util.NoSuchElementException">
            <full-stacktrace>
              <![CDATA[java.util.NoSuchElementException
at com.mongodb.client.internal.MongoBatchCursorAdapter.next(MongoBatchCursorAdapter.java:60)
at MongoDBtest.MongoDbtest_02.test_02(MongoDbtest_02.java:126)
at sun.reflect.NativeMethodAccessorImpl.invoke0(Native Method)
at sun.reflect.NativeMethodAccessorImpl.invoke(NativeMethodAccessorImpl.java:62)
at sun.reflect.DelegatingMethodAccessorImpl.invoke(DelegatingMethodAccessorImpl.java:43)
at java.lang.reflect.Method.invoke(Method.java:498)
at org.testng.internal.MethodInvocationHelper.invokeMethod(MethodInvocationHelper.java:132)
at org.testng.internal.TestInvoker.invokeMethod(TestInvoker.java:599)
at org.testng.internal.TestInvoker.invokeTestMethod(TestInvoker.java:174)
at org.testng.internal.MethodRunner.runInSequence(MethodRunner.java:46)
at org.testng.internal.TestInvoker$MethodInvocationAgent.invoke(TestInvoker.java:822)
at org.testng.internal.TestInvoker.invokeTestMethods(TestInvoker.java:147)
at org.testng.internal.TestMethodWorker.invokeTestMethods(TestMethodWorker.java:146)
at org.testng.internal.TestMethodWorker.run(TestMethodWorker.java:128)
at java.util.ArrayList.forEach(ArrayList.java:1259)
at org.testng.TestRunner.privateRun(TestRunner.java:764)
at org.testng.TestRunner.run(TestRunner.java:585)
at org.testng.SuiteRunner.runTest(SuiteRunner.java:384)
at org.testng.SuiteRunner.runSequentially(SuiteRunner.java:378)
at org.testng.SuiteRunner.privateRun(SuiteRunner.java:337)
at org.testng.SuiteRunner.run(SuiteRunner.java:286)
at org.testng.SuiteRunnerWorker.runSuite(SuiteRunnerWorker.java:53)
at org.testng.SuiteRunnerWorker.run(SuiteRunnerWorker.java:96)
at org.testng.TestNG.runSuitesSequentially(TestNG.java:1218)
at org.testng.TestNG.runSuitesLocally(TestNG.java:1140)
at org.testng.TestNG.runSuites(TestNG.java:1069)
at org.testng.TestNG.run(TestNG.java:1037)
at org.testng.remote.AbstractRemoteTestNG.run(AbstractRemoteTestNG.java:115)
at org.testng.remote.RemoteTestNG.initAndRun(RemoteTestNG.java:251)
at org.testng.remote.RemoteTestNG.main(RemoteTestNG.java:77)
]]>
            </full-stacktrace>
          </exception> <!-- java.util.NoSuchElementException -->
          <reporter-output>
          </reporter-output>
        </test-method> <!-- test_02 -->
      </class> <!-- MongoDBtest.MongoDbtest_02 -->
    </test> <!-- Default test -->
  </suite> <!-- Default suite -->
</testng-results>
