<?xml version="1.0" encoding="UTF-8"?>
<testng-results skipped="0" failed="0" ignored="0" total="1" passed="1">
  <reporter-output>
  </reporter-output>
  <suite name="Default suite" duration-ms="6354" started-at="2020-10-20T08:11:56 PDT" finished-at="2020-10-20T08:12:03 PDT">
    <groups>
    </groups>
    <test name="Default test" duration-ms="6354" started-at="2020-10-20T08:11:56 PDT" finished-at="2020-10-20T08:12:03 PDT">
      <class name="MongoDBtest.MongoDbTest">
        <test-method status="PASS" signature="setconnection()[pri:0, instance:MongoDBtest.MongoDbTest@2758fe70]" name="setconnection" is-config="true" duration-ms="6040" started-at="2020-10-20T08:11:56 PDT" finished-at="2020-10-20T08:12:02 PDT">
          <reporter-output>
          </reporter-output>
        </test-method> <!-- setconnection -->
        <test-method status="PASS" signature="Mongotest()[pri:0, instance:MongoDBtest.MongoDbTest@2758fe70]" name="Mongotest" duration-ms="227" started-at="2020-10-20T08:12:02 PDT" finished-at="2020-10-20T08:12:03 PDT">
          <reporter-output>
          </reporter-output>
        </test-method> <!-- Mongotest -->
      </class> <!-- MongoDBtest.MongoDbTest -->
    </test> <!-- Default test -->
  </suite> <!-- Default suite -->
</testng-results>
